0 info it worked if it ends with ok
1 verbose cli [ '/usr/bin/nodejs', '/usr/bin/npm', 'install', '-g' ]
2 info using npm@1.4.21
3 info using node@v0.10.25
4 verbose cache add [ '.', null ]
5 verbose cache add name=undefined spec="." args=[".",null]
6 verbose parsed url { protocol: null,
6 verbose parsed url   slashes: null,
6 verbose parsed url   auth: null,
6 verbose parsed url   host: null,
6 verbose parsed url   port: null,
6 verbose parsed url   hostname: null,
6 verbose parsed url   hash: null,
6 verbose parsed url   search: null,
6 verbose parsed url   query: null,
6 verbose parsed url   pathname: '.',
6 verbose parsed url   path: '.',
6 verbose parsed url   href: '.' }
7 silly lockFile 3a52ce78- .
8 verbose lock . /home/tacnoman/.npm/3a52ce78-.lock
9 verbose tar pack [ '/home/tacnoman/.npm/mines/0.0.1/package.tgz', '.' ]
10 verbose tarball /home/tacnoman/.npm/mines/0.0.1/package.tgz
11 verbose folder .
12 info prepublish mines@0.0.1
13 silly lockFile 1f1177db-tar tar://.
14 verbose lock tar://. /home/tacnoman/.npm/1f1177db-tar.lock
15 silly lockFile 34b0525b-oman-npm-mines-0-0-1-package-tgz tar:///home/tacnoman/.npm/mines/0.0.1/package.tgz
16 verbose lock tar:///home/tacnoman/.npm/mines/0.0.1/package.tgz /home/tacnoman/.npm/34b0525b-oman-npm-mines-0-0-1-package-tgz.lock
17 silly lockFile 1f1177db-tar tar://.
18 silly lockFile 1f1177db-tar tar://.
19 silly lockFile 34b0525b-oman-npm-mines-0-0-1-package-tgz tar:///home/tacnoman/.npm/mines/0.0.1/package.tgz
20 silly lockFile 34b0525b-oman-npm-mines-0-0-1-package-tgz tar:///home/tacnoman/.npm/mines/0.0.1/package.tgz
21 silly lockFile 689490bc-tacnoman-npm-mines-0-0-1-package /home/tacnoman/.npm/mines/0.0.1/package
22 verbose lock /home/tacnoman/.npm/mines/0.0.1/package /home/tacnoman/.npm/689490bc-tacnoman-npm-mines-0-0-1-package.lock
23 silly lockFile 689490bc-tacnoman-npm-mines-0-0-1-package /home/tacnoman/.npm/mines/0.0.1/package
24 silly lockFile 689490bc-tacnoman-npm-mines-0-0-1-package /home/tacnoman/.npm/mines/0.0.1/package
25 silly lockFile 3a52ce78- .
26 silly lockFile 3a52ce78- .
27 silly resolved [ { name: 'mines',
27 silly resolved     version: '0.0.1',
27 silly resolved     description: 'Mines Game',
27 silly resolved     main: 'grunt.js',
27 silly resolved     dependencies:
27 silly resolved      { grunt: '^0.4.5',
27 silly resolved        'grunt-contrib-jasmine': '^0.8.0',
27 silly resolved        'grunt-jasmine-runner': '^0.6.0' },
27 silly resolved     devDependencies:
27 silly resolved      { grunt: '^0.4.5',
27 silly resolved        'grunt-contrib-concat': '^0.5.0',
27 silly resolved        'grunt-contrib-uglify': '^0.6.0' },
27 silly resolved     scripts: { test: 'echo "Error: no test specified" && exit 1' },
27 silly resolved     author: { name: 'Renato Cassino' },
27 silly resolved     license: 'ISC',
27 silly resolved     readme: '######HTML5 Conway\'s Game of Life\n\n\nThe "game" is a zero-player game, meaning that its evolution is determined by its initial configuration and does not require any other input. You can setup an initial configuration by clicking on the cells or  selecting one of the predefined patterns. After configuring the initial pattern, just hit start and see the game evolving. You can set the time between each iteration, the lower the interval the faster it evolves. \n\nThere are only 4 rules that determines how the game evolves:\n\n1. Any live cell with fewer than two live neighbours dies, as if caused by under-population.</li>\n2. Any live cell with two or three live neighbours lives on to the next generation.</li>\n3. Any live cell with more than three live neighbours dies, as if by overcrowding.</li>\n4. Any dead cell with exactly three live neighbours becomes a live cell, as if by reproduction.</li>\n\n######Technologies\n* Javascript\n* Knockout\n* Jasmine\n\n[Game of Life on Wikipedia](http://en.wikipedia.org/wiki/Conway\'s_Game_of_Life)\n\n[Demo](http://nunooliveira.me/games/game-of-life)',
27 silly resolved     readmeFilename: 'README.md',
27 silly resolved     gitHead: '52ca8f40c5c286d800c83c1035c746012c31e273',
27 silly resolved     _id: 'mines@0.0.1',
27 silly resolved     _shasum: '3ed42b3ea00349aeb9d6bd3ff80f335dadfe5db3',
27 silly resolved     _from: '.' } ]
28 info install mines@0.0.1 into /usr/local/lib
29 info installOne mines@0.0.1
30 verbose lib/node_modules/mines unbuild
31 verbose tar unpack /home/tacnoman/.npm/mines/0.0.1/package.tgz
32 silly lockFile 8cc9b608-usr-local-lib-node-modules-mines tar:///usr/local/lib/node_modules/mines
33 verbose lock tar:///usr/local/lib/node_modules/mines /home/tacnoman/.npm/8cc9b608-usr-local-lib-node-modules-mines.lock
34 silly lockFile 34b0525b-oman-npm-mines-0-0-1-package-tgz tar:///home/tacnoman/.npm/mines/0.0.1/package.tgz
35 verbose lock tar:///home/tacnoman/.npm/mines/0.0.1/package.tgz /home/tacnoman/.npm/34b0525b-oman-npm-mines-0-0-1-package-tgz.lock
36 silly gunzTarPerm modes [ '775', '664' ]
37 error tar.unpack untar error /home/tacnoman/.npm/mines/0.0.1/package.tgz
38 silly lockFile 8cc9b608-usr-local-lib-node-modules-mines tar:///usr/local/lib/node_modules/mines
39 silly lockFile 8cc9b608-usr-local-lib-node-modules-mines tar:///usr/local/lib/node_modules/mines
40 silly lockFile 34b0525b-oman-npm-mines-0-0-1-package-tgz tar:///home/tacnoman/.npm/mines/0.0.1/package.tgz
41 silly lockFile 34b0525b-oman-npm-mines-0-0-1-package-tgz tar:///home/tacnoman/.npm/mines/0.0.1/package.tgz
42 verbose lib/node_modules/mines unbuild
43 error Error: EACCES, mkdir '/usr/local/lib/node_modules/mines'
43 error  { [Error: EACCES, mkdir '/usr/local/lib/node_modules/mines']
43 error   errno: 3,
43 error   code: 'EACCES',
43 error   path: '/usr/local/lib/node_modules/mines',
43 error   fstream_type: 'Directory',
43 error   fstream_path: '/usr/local/lib/node_modules/mines',
43 error   fstream_class: 'DirWriter',
43 error   fstream_stack:
43 error    [ '/usr/lib/nodejs/fstream/lib/dir-writer.js:36:23',
43 error      '/usr/lib/nodejs/mkdirp/index.js:46:53',
43 error      'Object.oncomplete (fs.js:107:15)' ] }
44 error Please try running this command again as root/Administrator.
45 error System Linux 4.2.0-30-generic
46 error command "/usr/bin/nodejs" "/usr/bin/npm" "install" "-g"
47 error cwd /home/tacnoman/projects/minesweeper
48 error node -v v0.10.25
49 error npm -v 1.4.21
50 error path /usr/local/lib/node_modules/mines
51 error fstream_path /usr/local/lib/node_modules/mines
52 error fstream_type Directory
53 error fstream_class DirWriter
54 error code EACCES
55 error errno 3
56 error stack Error: EACCES, mkdir '/usr/local/lib/node_modules/mines'
57 error fstream_stack /usr/lib/nodejs/fstream/lib/dir-writer.js:36:23
57 error fstream_stack /usr/lib/nodejs/mkdirp/index.js:46:53
57 error fstream_stack Object.oncomplete (fs.js:107:15)
58 verbose exit [ 3, true ]
